<?xml version="1.0" encoding="UTF-8"?>
<!-- Generated by org.testng.reporters.JUnitReportReporter -->
<testsuite hostname="DESKTOP-5B2A0L0" failures="0" tests="3" name="testcases.SimplelearnLoginTest" time="236.233" errors="0" timestamp="2022-09-17T10:10:08 IST" skipped="0">
  <testcase classname="testcases.SimplelearnLoginTest" name="Test3" time="89.619"/>
  <system-out/>
  <testcase classname="testcases.SimplelearnLoginTest" name="Test1" time="94.327"/>
  <system-out/>
  <testcase classname="testcases.SimplelearnLoginTest" name="Test2" time="52.287"/>
  <system-out/>
</testsuite> <!-- testcases.SimplelearnLoginTest -->
