<?xml version="1.0" encoding="UTF-8"?>
<!-- Generated by org.testng.reporters.JUnitReportReporter -->
<testsuite hostname="DESKTOP-5B2A0L0" failures="0" tests="3" name="testcases.SimplelearnLoginTest" time="133.463" errors="0" timestamp="2022-09-11T11:15:51 IST" skipped="0">
  <testcase classname="testcases.SimplelearnLoginTest" name="Test2" time="47.032"/>
  <system-out/>
  <testcase classname="testcases.SimplelearnLoginTest" name="Test1" time="51.151"/>
  <system-out/>
  <testcase classname="testcases.SimplelearnLoginTest" name="Test3" time="35.280"/>
  <system-out/>
</testsuite> <!-- testcases.SimplelearnLoginTest -->
