<?xml version="1.0" encoding="UTF-8"?>
<!-- Generated by org.testng.reporters.JUnitReportReporter -->
<testsuite hostname="DESKTOP-5B2A0L0" failures="0" tests="3" name="testcases.SimplelearnLoginTest" time="184.993" errors="0" timestamp="2022-09-22T08:08:27 IST" skipped="0">
  <testcase classname="testcases.SimplelearnLoginTest" name="Test1" time="98.342"/>
  <system-out/>
  <testcase classname="testcases.SimplelearnLoginTest" name="Test3" time="42.652"/>
  <system-out/>
  <testcase classname="testcases.SimplelearnLoginTest" name="Test2" time="43.999"/>
  <system-out/>
</testsuite> <!-- testcases.SimplelearnLoginTest -->
