<?xml version="1.0" encoding="UTF-8"?>
<!-- Generated by org.testng.reporters.JUnitReportReporter -->
<testsuite hostname="DESKTOP-5B2A0L0" failures="0" tests="3" name="testcases.SimplelearnLoginTest" time="110.534" errors="0" timestamp="2022-09-22T09:16:43 IST" skipped="0">
  <testcase classname="testcases.SimplelearnLoginTest" name="Test1" time="45.586"/>
  <system-out/>
  <testcase classname="testcases.SimplelearnLoginTest" name="Test2" time="30.413"/>
  <system-out/>
  <testcase classname="testcases.SimplelearnLoginTest" name="Test3" time="34.535"/>
  <system-out/>
</testsuite> <!-- testcases.SimplelearnLoginTest -->
