<?xml version="1.0" encoding="UTF-8"?>
<!-- Generated by org.testng.reporters.JUnitReportReporter -->
<testsuite hostname="DESKTOP-5B2A0L0" failures="0" tests="3" name="testcases.SimplelearnLoginTest" time="285.334" errors="0" timestamp="2022-09-25T08:44:29 IST" skipped="0">
  <testcase classname="testcases.SimplelearnLoginTest" name="Test2" time="39.521"/>
  <system-out/>
  <testcase classname="testcases.SimplelearnLoginTest" name="Test3" time="146.438"/>
  <system-out/>
  <testcase classname="testcases.SimplelearnLoginTest" name="Test1" time="99.375"/>
  <system-out/>
</testsuite> <!-- testcases.SimplelearnLoginTest -->
