<?xml version="1.0" encoding="UTF-8"?>
<!-- Generated by org.testng.reporters.JUnitReportReporter -->
<testsuite hostname="DESKTOP-5B2A0L0" failures="0" tests="1" name="testcases.SimplelearnLoginTest" time="66.030" errors="0" timestamp="2022-09-11T09:00:08 IST" skipped="0">
  <testcase classname="testcases.SimplelearnLoginTest" name="Test1" time="66.030"/>
  <system-out/>
</testsuite> <!-- testcases.SimplelearnLoginTest -->
